
> sharthak-studio-next@0.1.0 whatsapp
> node start-whatsapp-global.js

🚀 Starting Sharthak Studio WhatsApp System...
🌉 Opening Global Tunnel...
🚀 WhatsApp API Gateway running at http://0.0.0.0:3001
✨ NEW GLOBAL URL: https://free-coins-warn.loca.lt
✅ .env.local updated! Your mobile will now connect to this URL.
✅ Authenticated successfully
✨ WhatsApp Client is READY!
[2026-04-19T00:19:52.733Z] GET /qr
[2026-04-19T00:19:53.380Z] GET /qr
[2026-04-19T00:19:54.030Z] GET /qr
[2026-04-19T00:19:54.707Z] GET /qr
[2026-04-19T00:19:56.619Z] GET /qr
[2026-04-19T00:19:59.656Z] GET /qr
[2026-04-19T00:20:02.742Z] GET /qr
[2026-04-19T00:20:05.742Z] GET /qr
[2026-04-19T00:20:08.887Z] GET /qr
[2026-04-19T00:20:11.735Z] GET /qr
[2026-04-19T00:20:14.670Z] GET /qr
[2026-04-19T00:20:17.655Z] GET /qr
[2026-04-19T00:20:21.305Z] GET /qr
[2026-04-19T00:20:23.652Z] GET /qr
[2026-04-19T00:20:26.734Z] GET /qr
[2026-04-19T00:20:29.708Z] GET /qr
[2026-04-19T00:20:32.673Z] GET /qr
[2026-04-19T00:20:35.655Z] GET /qr
[2026-04-19T00:20:38.643Z] GET /qr
[2026-04-19T00:20:41.712Z] GET /qr
[2026-04-19T00:20:44.649Z] GET /qr
[2026-04-19T00:20:47.707Z] GET /qr
[2026-04-19T00:20:50.772Z] GET /qr
[2026-04-19T00:20:54.139Z] GET /qr
[2026-04-19T00:20:56.655Z] GET /qr
[2026-04-19T00:20:59.698Z] GET /qr
[2026-04-19T00:21:02.714Z] GET /qr
[2026-04-19T00:21:05.662Z] GET /qr
[2026-04-19T00:21:09.134Z] GET /qr
[2026-04-19T00:21:11.655Z] GET /qr
[2026-04-19T00:21:14.672Z] GET /qr
[2026-04-19T00:21:18.163Z] GET /qr
[2026-04-19T00:21:20.664Z] GET /qr
[2026-04-19T00:21:23.697Z] GET /qr
[2026-04-19T00:21:26.665Z] GET /qr
[2026-04-19T00:21:29.711Z] GET /qr
[2026-04-19T00:21:32.868Z] GET /qr
[2026-04-19T00:21:35.761Z] GET /qr
[2026-04-19T00:21:38.795Z] GET /qr
